<?xml version="1.0" encoding="UTF-8"?>
<!-- Generated by org.testng.reporters.JUnitXMLReporter -->
<testsuite hostname="LAPTOP-780R4IRU" name="Surefire test" tests="41" failures="0" timestamp="27 Jul 2021 10:32:21 GMT" time="189.766" errors="0">
  <testcase name="openWebSite" time="2.286" classname="com.IdentifyCourse.testcases.FormFillingTestCase"/>
  <testcase name="enterprise" time="31.246" classname="com.IdentifyCourse.testcases.FormFillingTestCase"/>
  <testcase name="products" time="0.73" classname="com.IdentifyCourse.testcases.FormFillingTestCase"/>
  <testcase name="forCampus" time="5.367" classname="com.IdentifyCourse.testcases.FormFillingTestCase"/>
  <testcase name="formfilling" time="4.727" classname="com.IdentifyCourse.testcases.FormFillingTestCase"/>
  <testcase name="screenshot" time="0.26" classname="com.IdentifyCourse.testcases.FormFillingTestCase"/>
  <testcase name="openWebSite" time="3.452" classname="com.IdentifyCourse.testcases.LanguageLearningTestCase"/>
  <testcase name="secondCourse" time="5.548" classname="com.IdentifyCourse.testcases.LanguageLearningTestCase"/>
  <testcase name="selectLanguage2" time="7.57" classname="com.IdentifyCourse.testcases.LanguageLearningTestCase"/>
  <testcase name="selectLevel2" time="0.326" classname="com.IdentifyCourse.testcases.LanguageLearningTestCase"/>
  <testcase name="screenshot" time="0.385" classname="com.IdentifyCourse.testcases.LanguageLearningTestCase"/>
  <testcase name="openWebSite" time="4.132" classname="com.IdentifyCourse.testcases.SearchCourseTestCase"/>
  <testcase name="execution" time="3.434" classname="com.IdentifyCourse.testcases.SearchCourseTestCase"/>
  <testcase name="selectLevels" time="9.537" classname="com.IdentifyCourse.testcases.SearchCourseTestCase"/>
  <testcase name="courseDetails" time="16.849" classname="com.IdentifyCourse.testcases.SearchCourseTestCase"/>
  <testcase name="screenshot" time="0.407" classname="com.IdentifyCourse.testcases.SearchCourseTestCase"/>
  <testcase name="openWebSite" time="10.232" classname="com.IdentifyCourse.testcasescenario.TestScenerio"/>
  <testcase name="clickSearchTextbox" time="0.136" classname="com.IdentifyCourse.testcasescenario.TestScenerio"/>
  <testcase name="sendCourseName" time="3.587" classname="com.IdentifyCourse.testcasescenario.TestScenerio"/>
  <testcase name="selectLang" time="3.983" classname="com.IdentifyCourse.testcasescenario.TestScenerio"/>
  <testcase name="selectLevel" time="0.74" classname="com.IdentifyCourse.testcasescenario.TestScenerio"/>
  <testcase name="firstCourse" time="15.606" classname="com.IdentifyCourse.testcasescenario.TestScenerio"/>
  <testcase name="navigateToUrl" time="4.617" classname="com.IdentifyCourse.testcasescenario.TestScenerio"/>
  <testcase name="openLangWebSite" time="4.387" classname="com.IdentifyCourse.testcasescenario.TestScenerio"/>
  <testcase name="displayLanguage" time="8.974" classname="com.IdentifyCourse.testcasescenario.TestScenerio"/>
  <testcase name="diaplayLevel" time="0.346" classname="com.IdentifyCourse.testcasescenario.TestScenerio"/>
  <testcase name="openEnterprise" time="14.376" classname="com.IdentifyCourse.testcasescenario.TestScenerio"/>
  <testcase name="openForCampus" time="2.009" classname="com.IdentifyCourse.testcasescenario.TestScenerio"/>
  <testcase name="getStarted" time="6.647" classname="com.IdentifyCourse.testcasescenario.TestScenerio"/>
  <testcase name="FirstName" time="1.615" classname="com.IdentifyCourse.testcasescenario.TestScenerio"/>
  <testcase name="lastName" time="0.411" classname="com.IdentifyCourse.testcasescenario.TestScenerio"/>
  <testcase name="jobFunction" time="0.293" classname="com.IdentifyCourse.testcasescenario.TestScenerio"/>
  <testcase name="jobTitle" time="0.268" classname="com.IdentifyCourse.testcasescenario.TestScenerio"/>
  <testcase name="mail" time="0.231" classname="com.IdentifyCourse.testcasescenario.TestScenerio"/>
  <testcase name="Phone" time="0.143" classname="com.IdentifyCourse.testcasescenario.TestScenerio"/>
  <testcase name="Company" time="0.182" classname="com.IdentifyCourse.testcasescenario.TestScenerio"/>
  <testcase name="institutionType" time="0.216" classname="com.IdentifyCourse.testcasescenario.TestScenerio"/>
  <testcase name="primaryDiscipline" time="0.193" classname="com.IdentifyCourse.testcasescenario.TestScenerio"/>
  <testcase name="Country" time="0.454" classname="com.IdentifyCourse.testcasescenario.TestScenerio"/>
  <testcase name="help" time="0.166" classname="com.IdentifyCourse.testcasescenario.TestScenerio"/>
  <testcase name="submitButton" time="0.098" classname="com.IdentifyCourse.testcasescenario.TestScenerio"/>
</testsuite> <!-- Surefire test -->
