<?xml version="1.0" encoding="UTF-8"?>
<!-- Generated by org.testng.reporters.JUnitXMLReporter -->
<testsuite hostname="LAPTOP-780R4IRU" failures="0" tests="4" name="Default test" time="18.97" errors="0" timestamp="20 Jul 2021 12:57:40 GMT">
  <testcase classname="com.cts.grid.Grid" name="openWebSite" time="6.276"/>
  <testcase classname="com.cts.grid.Grid" name="secondCourse" time="3.21"/>
  <testcase classname="com.cts.grid.Grid" name="selectLanguage2" time="5.899"/>
  <testcase classname="com.cts.grid.Grid" name="selectLevel2" time="0.548"/>
</testsuite> <!-- Default test -->
