<?xml version="1.0" encoding="UTF-8"?>
<!-- Generated by org.testng.reporters.JUnitXMLReporter -->
<testsuite hostname="LAPTOP-780R4IRU" failures="1" tests="15" name="Test" time="55.026" errors="0" timestamp="22 Jul 2021 04:49:48 GMT">
  <testcase classname="com.IdentifyCourse.testcasescenario.TestScenerio" name="openWebSite" time="2.653"/>
  <testcase classname="com.IdentifyCourse.testcasescenario.TestScenerio" name="clickSearchTextbox" time="0.107"/>
  <testcase classname="com.IdentifyCourse.testcasescenario.TestScenerio" name="sendCourseName" time="6.518"/>
  <testcase classname="com.IdentifyCourse.testcasescenario.TestScenerio" name="selectLang" time="2.183"/>
  <testcase classname="com.IdentifyCourse.testcasescenario.TestScenerio" name="selectLevel" time="0.365"/>
  <testcase classname="com.IdentifyCourse.testcasescenario.TestScenerio" name="firstCourse" time="10.566"/>
  <testcase classname="com.IdentifyCourse.testcasescenario.TestScenerio" name="navigateToUrl" time="1.879"/>
  <testcase classname="com.IdentifyCourse.testcasescenario.TestScenerio" name="openLangWebSite" time="3.142"/>
  <testcase classname="com.IdentifyCourse.testcasescenario.TestScenerio" name="displayLanguage" time="5.626"/>
  <testcase classname="com.IdentifyCourse.testcasescenario.TestScenerio" name="diaplayLevel" time="0.358"/>
  <testcase classname="com.IdentifyCourse.testcasescenario.TestScenerio" name="openEnterprise" time="9.783"/>
  <testcase classname="com.IdentifyCourse.testcasescenario.TestScenerio" name="openForCampus" time="0.374"/>
  <testcase classname="com.IdentifyCourse.testcasescenario.TestScenerio" name="getStarted" time="6.053"/>
  <testcase classname="com.IdentifyCourse.testcasescenario.TestScenerio" name="help" time="1.061"/>
  <testcase classname="com.IdentifyCourse.testcasescenario.TestScenerio" name="submitButton" time="1.134">
    <failure type="org.openqa.selenium.ElementClickInterceptedException" message="element click intercepted: Element &amp;lt;input id=&amp;quot;Company&amp;quot; name=&amp;quot;Company&amp;quot; placeholder=&amp;quot;Institution Name&amp;quot; maxlength=&amp;quot;255&amp;quot; aria-labelledby=&amp;quot;LblCompany InstructCompany&amp;quot; type=&amp;quot;text&amp;quot; class=&amp;quot;mktoField mktoTextField mktoHasWidth mktoRequired aa-input&amp;quot; aria-required=&amp;quot;true&amp;quot; style=&amp;quot;width: 150px; position: relative; vertical-align: top;&amp;quot; autocomplete=&amp;quot;off&amp;quot; spellcheck=&amp;quot;false&amp;quot; role=&amp;quot;combobox&amp;quot; aria-autocomplete=&amp;quot;both&amp;quot; aria-expanded=&amp;quot;false&amp;quot; aria-owns=&amp;quot;algolia-autocomplete-listbox-0&amp;quot; dir=&amp;quot;auto&amp;quot;&amp;gt; is not clickable at point (353, 25). Other element would receive the click: &amp;lt;a title=&amp;quot;...&amp;quot; href=&amp;quot;https://www.coursera.org/campus/compare-plans/&amp;quot; class=&amp;quot;nav-link&amp;quot;&amp;gt;Compare Plans&amp;lt;/a&amp;gt;
  (Session info: chrome=91.0.4472.164)
Build info: version: &amp;apos;3.141.59&amp;apos;, revision: &amp;apos;e82be7d358&amp;apos;, time: &amp;apos;2018-11-14T08:17:03&amp;apos;
System info: host: &amp;apos;LAPTOP-780R4IRU&amp;apos;, ip: &amp;apos;192.168.43.216&amp;apos;, os.name: &amp;apos;Windows 10&amp;apos;, os.arch: &amp;apos;amd64&amp;apos;, os.version: &amp;apos;10.0&amp;apos;, java.version: &amp;apos;15.0.2&amp;apos;
Driver info: org.openqa.selenium.chrome.ChromeDriver
Capabilities {acceptInsecureCerts: false, browserName: chrome, browserVersion: 91.0.4472.164, chrome: {chromedriverVersion: 90.0.4430.24 (4c6d850f087da..., userDataDir: C:\Users\MARIVEL\AppData\Lo...}, goog:chromeOptions: {debuggerAddress: localhost:14357}, javascriptEnabled: true, networkConnectionEnabled: false, pageLoadStrategy: normal, platform: WINDOWS, platformName: WINDOWS, proxy: Proxy(), setWindowRect: true, strictFileInteractability: false, timeouts: {implicit: 0, pageLoad: 300000, script: 30000}, unhandledPromptBehavior: dismiss and notify, webauthn:extension:largeBlob: true, webauthn:virtualAuthenticators: true}
Session ID: 2134f83592261c6a43a009dab8beaed2">
      <![CDATA[org.openqa.selenium.ElementClickInterceptedException: element click intercepted: Element <input id="Company" name="Company" placeholder="Institution Name" maxlength="255" aria-labelledby="LblCompany InstructCompany" type="text" class="mktoField mktoTextField mktoHasWidth mktoRequired aa-input" aria-required="true" style="width: 150px; position: relative; vertical-align: top;" autocomplete="off" spellcheck="false" role="combobox" aria-autocomplete="both" aria-expanded="false" aria-owns="algolia-autocomplete-listbox-0" dir="auto"> is not clickable at point (353, 25). Other element would receive the click: <a title="..." href="https://www.coursera.org/campus/compare-plans/" class="nav-link">Compare Plans</a>
  (Session info: chrome=91.0.4472.164)
Build info: version: '3.141.59', revision: 'e82be7d358', time: '2018-11-14T08:17:03'
System info: host: 'LAPTOP-780R4IRU', ip: '192.168.43.216', os.name: 'Windows 10', os.arch: 'amd64', os.version: '10.0', java.version: '15.0.2'
Driver info: org.openqa.selenium.chrome.ChromeDriver
Capabilities {acceptInsecureCerts: false, browserName: chrome, browserVersion: 91.0.4472.164, chrome: {chromedriverVersion: 90.0.4430.24 (4c6d850f087da..., userDataDir: C:\Users\MARIVEL\AppData\Lo...}, goog:chromeOptions: {debuggerAddress: localhost:14357}, javascriptEnabled: true, networkConnectionEnabled: false, pageLoadStrategy: normal, platform: WINDOWS, platformName: WINDOWS, proxy: Proxy(), setWindowRect: true, strictFileInteractability: false, timeouts: {implicit: 0, pageLoad: 300000, script: 30000}, unhandledPromptBehavior: dismiss and notify, webauthn:extension:largeBlob: true, webauthn:virtualAuthenticators: true}
Session ID: 2134f83592261c6a43a009dab8beaed2
	at org.openqa.selenium.remote.http.W3CHttpResponseCodec.createException(W3CHttpResponseCodec.java:187)
	at org.openqa.selenium.remote.http.W3CHttpResponseCodec.decode(W3CHttpResponseCodec.java:122)
	at org.openqa.selenium.remote.http.W3CHttpResponseCodec.decode(W3CHttpResponseCodec.java:49)
	at org.openqa.selenium.remote.HttpCommandExecutor.execute(HttpCommandExecutor.java:158)
	at org.openqa.selenium.remote.service.DriverCommandExecutor.execute(DriverCommandExecutor.java:83)
	at org.openqa.selenium.remote.RemoteWebDriver.execute(RemoteWebDriver.java:552)
	at org.openqa.selenium.remote.RemoteWebElement.execute(RemoteWebElement.java:285)
	at org.openqa.selenium.remote.RemoteWebElement.click(RemoteWebElement.java:84)
	at com.IdentifyCourse.testcasescenario.TestScenerio.submitButton(TestScenerio.java:298)
... Removed 29 stack frames]]>
    </failure>
  </testcase> <!-- submitButton -->
</testsuite> <!-- Test -->
