<?xml version="1.0" encoding="UTF-8"?>
<!-- Generated by org.testng.reporters.JUnitXMLReporter -->
<testsuite hostname="LAPTOP-780R4IRU" failures="0" tests="3" name="Test1" time="42.564" errors="0" timestamp="21 Jul 2021 06:02:50 GMT">
  <testcase classname="com.IdentifyCourse.testcases.SearchCourseTestCase" name="openWebSite" time="8.703"/>
  <testcase classname="com.IdentifyCourse.testcases.SearchCourseTestCase" name="execution" time="29.823"/>
  <testcase classname="com.IdentifyCourse.testcases.SearchCourseTestCase" name="screenshot" time="0.397"/>
</testsuite> <!-- Test1 -->
