<?xml version="1.0" encoding="UTF-8"?>
<!-- Generated by org.testng.reporters.JUnitXMLReporter -->
<testsuite hostname="LAPTOP-780R4IRU" failures="0" tests="6" name="Test3" time="52.679" errors="0" timestamp="21 Jul 2021 11:10:17 GMT">
  <testcase classname="com.IdentifyCourse.testcases.FormFillingTestCase" name="openWebSite" time="22.136"/>
  <testcase classname="com.IdentifyCourse.testcases.FormFillingTestCase" name="enterprise" time="13.037"/>
  <testcase classname="com.IdentifyCourse.testcases.FormFillingTestCase" name="products" time="0.326"/>
  <testcase classname="com.IdentifyCourse.testcases.FormFillingTestCase" name="forCampus" time="10.271"/>
  <testcase classname="com.IdentifyCourse.testcases.FormFillingTestCase" name="formfilling" time="3.363"/>
  <testcase classname="com.IdentifyCourse.testcases.FormFillingTestCase" name="screenshot" time="0.335"/>
</testsuite> <!-- Test3 -->
