<?xml version="1.0" encoding="UTF-8"?>
<!-- Generated by org.testng.reporters.JUnitXMLReporter -->
<testsuite hostname="LAPTOP-780R4IRU" failures="0" tests="5" name="Test2" time="18.044" errors="0" timestamp="27 Jul 2021 09:48:12 GMT">
  <testcase classname="com.IdentifyCourse.testcases.LanguageLearningTestCase" name="openWebSite" time="5.61"/>
  <testcase classname="com.IdentifyCourse.testcases.LanguageLearningTestCase" name="secondCourse" time="5.747"/>
  <testcase classname="com.IdentifyCourse.testcases.LanguageLearningTestCase" name="selectLanguage2" time="3.231"/>
  <testcase classname="com.IdentifyCourse.testcases.LanguageLearningTestCase" name="selectLevel2" time="0.288"/>
  <testcase classname="com.IdentifyCourse.testcases.LanguageLearningTestCase" name="screenshot" time="0.27"/>
</testsuite> <!-- Test2 -->
