<?xml version="1.0" encoding="UTF-8"?>
<testsuite xmlns:xsi="http://www.w3.org/2001/XMLSchema-instance" xsi:noNamespaceSchemaLocation="https://maven.apache.org/surefire/maven-surefire-plugin/xsd/surefire-test-report.xsd" name="TestSuite" time="191.093" tests="41" errors="0" skipped="0" failures="0">
  <properties>
[...]
</properties>
  <testcase name="openWebSite" classname="com.IdentifyCourse.testcases.FormFillingTestCase" time="2.286"/>
  <testcase name="enterprise" classname="com.IdentifyCourse.testcases.FormFillingTestCase" time="31.248"/>
  <testcase name="products" classname="com.IdentifyCourse.testcases.FormFillingTestCase" time="0.726"/>
  <testcase name="forCampus" classname="com.IdentifyCourse.testcases.FormFillingTestCase" time="5.367"/>
  <testcase name="formfilling" classname="com.IdentifyCourse.testcases.FormFillingTestCase" time="4.727"/>
  <testcase name="screenshot" classname="com.IdentifyCourse.testcases.FormFillingTestCase" time="0.26"/>
  <testcase name="openWebSite" classname="com.IdentifyCourse.testcases.LanguageLearningTestCase" time="3.451"/>
  <testcase name="secondCourse" classname="com.IdentifyCourse.testcases.LanguageLearningTestCase" time="5.548"/>
  <testcase name="selectLanguage2" classname="com.IdentifyCourse.testcases.LanguageLearningTestCase" time="7.569"/>
  <testcase name="selectLevel2" classname="com.IdentifyCourse.testcases.LanguageLearningTestCase" time="0.326"/>
  <testcase name="screenshot" classname="com.IdentifyCourse.testcases.LanguageLearningTestCase" time="0.388"/>
  <testcase name="openWebSite" classname="com.IdentifyCourse.testcases.SearchCourseTestCase" time="4.13"/>
  <testcase name="execution" classname="com.IdentifyCourse.testcases.SearchCourseTestCase" time="3.434"/>
  <testcase name="selectLevels" classname="com.IdentifyCourse.testcases.SearchCourseTestCase" time="9.537"/>
  <testcase name="courseDetails" classname="com.IdentifyCourse.testcases.SearchCourseTestCase" time="16.848"/>
  <testcase name="screenshot" classname="com.IdentifyCourse.testcases.SearchCourseTestCase" time="0.407"/>
  <testcase name="openWebSite" classname="com.IdentifyCourse.testcasescenario.TestScenerio" time="10.231"/>
  <testcase name="clickSearchTextbox" classname="com.IdentifyCourse.testcasescenario.TestScenerio" time="0.136"/>
  <testcase name="sendCourseName" classname="com.IdentifyCourse.testcasescenario.TestScenerio" time="3.588"/>
  <testcase name="selectLang" classname="com.IdentifyCourse.testcasescenario.TestScenerio" time="3.984"/>
  <testcase name="selectLevel" classname="com.IdentifyCourse.testcasescenario.TestScenerio" time="0.74"/>
  <testcase name="firstCourse" classname="com.IdentifyCourse.testcasescenario.TestScenerio" time="15.606"/>
  <testcase name="navigateToUrl" classname="com.IdentifyCourse.testcasescenario.TestScenerio" time="4.621"/>
  <testcase name="openLangWebSite" classname="com.IdentifyCourse.testcasescenario.TestScenerio" time="4.384"/>
  <testcase name="displayLanguage" classname="com.IdentifyCourse.testcasescenario.TestScenerio" time="8.973"/>
  <testcase name="diaplayLevel" classname="com.IdentifyCourse.testcasescenario.TestScenerio" time="0.347"/>
  <testcase name="openEnterprise" classname="com.IdentifyCourse.testcasescenario.TestScenerio" time="14.38"/>
  <testcase name="openForCampus" classname="com.IdentifyCourse.testcasescenario.TestScenerio" time="2.008"/>
  <testcase name="getStarted" classname="com.IdentifyCourse.testcasescenario.TestScenerio" time="6.644"/>
  <testcase name="FirstName" classname="com.IdentifyCourse.testcasescenario.TestScenerio" time="1.613"/>
  <testcase name="lastName" classname="com.IdentifyCourse.testcasescenario.TestScenerio" time="0.41"/>
  <testcase name="jobFunction" classname="com.IdentifyCourse.testcasescenario.TestScenerio" time="0.293"/>
  <testcase name="jobTitle" classname="com.IdentifyCourse.testcasescenario.TestScenerio" time="0.268"/>
  <testcase name="mail" classname="com.IdentifyCourse.testcasescenario.TestScenerio" time="0.231"/>
  <testcase name="Phone" classname="com.IdentifyCourse.testcasescenario.TestScenerio" time="0.143"/>
  <testcase name="Company" classname="com.IdentifyCourse.testcasescenario.TestScenerio" time="0.183"/>
  <testcase name="institutionType" classname="com.IdentifyCourse.testcasescenario.TestScenerio" time="0.216"/>
  <testcase name="primaryDiscipline" classname="com.IdentifyCourse.testcasescenario.TestScenerio" time="0.193"/>
  <testcase name="Country" classname="com.IdentifyCourse.testcasescenario.TestScenerio" time="0.454"/>
  <testcase name="help" classname="com.IdentifyCourse.testcasescenario.TestScenerio" time="0.166"/>
  <testcase name="submitButton" classname="com.IdentifyCourse.testcasescenario.TestScenerio" time="0.098"/>
</testsuite>