<?xml version="1.0" encoding="UTF-8"?>
<testsuite xmlns:xsi="http://www.w3.org/2001/XMLSchema-instance" xsi:noNamespaceSchemaLocation="https://maven.apache.org/surefire/maven-surefire-plugin/xsd/surefire-test-report.xsd" name="com.Hackathon.TestScenerio" time="57.417" tests="25" errors="0" skipped="0" failures="0">
  <properties>
[...]
</properties>
  <testcase name="openWebSite" classname="com.Hackathon.TestScenerio" time="3.411"/>
  <testcase name="clickSearchTextbox" classname="com.Hackathon.TestScenerio" time="0.127"/>
  <testcase name="sendCourseName" classname="com.Hackathon.TestScenerio" time="4.918"/>
  <testcase name="selectLang" classname="com.Hackathon.TestScenerio" time="3.158"/>
  <testcase name="selectLevel" classname="com.Hackathon.TestScenerio" time="0.695"/>
  <testcase name="firstCourse" classname="com.Hackathon.TestScenerio" time="10.925"/>
  <testcase name="navigateToUrl" classname="com.Hackathon.TestScenerio" time="2.307"/>
  <testcase name="openLangWebSite" classname="com.Hackathon.TestScenerio" time="3.233"/>
  <testcase name="displayLanguage" classname="com.Hackathon.TestScenerio" time="5.038"/>
  <testcase name="diaplayLevel" classname="com.Hackathon.TestScenerio" time="0.286"/>
  <testcase name="openEnterprise" classname="com.Hackathon.TestScenerio" time="8.755"/>
  <testcase name="openForCampus" classname="com.Hackathon.TestScenerio" time="0.421"/>
  <testcase name="getStarted" classname="com.Hackathon.TestScenerio" time="6.034"/>
  <testcase name="FirstName" classname="com.Hackathon.TestScenerio" time="1.342"/>
  <testcase name="lastName" classname="com.Hackathon.TestScenerio" time="0.238"/>
  <testcase name="jobFunction" classname="com.Hackathon.TestScenerio" time="0.231"/>
  <testcase name="jobTitle" classname="com.Hackathon.TestScenerio" time="0.188"/>
  <testcase name="mail" classname="com.Hackathon.TestScenerio" time="0.18"/>
  <testcase name="Phone" classname="com.Hackathon.TestScenerio" time="0.254"/>
  <testcase name="Company" classname="com.Hackathon.TestScenerio" time="0.185"/>
  <testcase name="institutionType" classname="com.Hackathon.TestScenerio" time="0.17"/>
  <testcase name="primaryDiscipline" classname="com.Hackathon.TestScenerio" time="0.174"/>
  <testcase name="Country" classname="com.Hackathon.TestScenerio" time="0.21"/>
  <testcase name="help" classname="com.Hackathon.TestScenerio" time="0.231"/>
  <testcase name="submitButton" classname="com.Hackathon.TestScenerio" time="0.09"/>
</testsuite>