<?xml version="1.0" encoding="UTF-8"?>
<testng-results total="16" passed="16" failed="0" skipped="0">
  <reporter-output>
    <line>
      <![CDATA[English
(1520)
Spanish
(795)
Russian
(782)
French
(726)
Portuguese (Portugal)
(668)
Arabic
(591)
German
(584)
Vietnamese
(583)
Italian
(556)
Chinese (China)
(163)
Korean
(151)
Portuguese (Brazil)
(74)
Japanese
(67)
Turkish
(67)
Persian
(47)
Chinese (Traditional)
(43)
Greek
(24)
Ukrainian
(20)
Thai
(17)
Portuguese
(16)
Hindi
(14)
Dutch
(13)
Afrikaans
(12)
Urdu
(12)
Hungarian
(10)
Catalan
(9)
Javanese
(8)
Hebrew
(7)
Indonesian
(7)
Polish
(7)
Mongolian
(6)
Romanian
(6)
Slovak
(6)
Tamil
(5)
Czech
(4)
Serbian
(4)
Albanian
(3)
Bengali
(3)
Georgian
(3)
Telugu
(3)
Burmese
(2)
Croatian
(2)
Estonian
(2)
Lithuanian
(2)
Uzbek
(2)
Bulgarian
(1)
Kazakh
(1)
Marathi
(1)
Nepali
(1)
Russian (Russia)
(1)
Swedish
(1)]]>
    </line>
    <line>
      <![CDATA[Intermediate
(739)]]>
    </line>
    <line>
      <![CDATA[Beginner
(706)]]>
    </line>
    <line>
      <![CDATA[Mixed
(200)]]>
    </line>
    <line>
      <![CDATA[Advanced
(74)]]>
    </line>
  </reporter-output>
  <suite started-at="2021-07-21T11:07:53Z" name="Suite" finished-at="2021-07-21T11:10:17Z" duration-ms="143862">
    <groups>
      <group name="Regression">
        <method signature="SearchCourseTestCase.courseDetails()[pri:0, instance:com.IdentifyCourse.testcases.SearchCourseTestCase@74bada02]" name="courseDetails" class="com.IdentifyCourse.testcases.SearchCourseTestCase"/>
        <method signature="SearchCourseTestCase.execution()[pri:0, instance:com.IdentifyCourse.testcases.SearchCourseTestCase@74bada02]" name="execution" class="com.IdentifyCourse.testcases.SearchCourseTestCase"/>
        <method signature="SearchCourseTestCase.openWebSite()[pri:0, instance:com.IdentifyCourse.testcases.SearchCourseTestCase@74bada02]" name="openWebSite" class="com.IdentifyCourse.testcases.SearchCourseTestCase"/>
        <method signature="SearchCourseTestCase.selectLevels()[pri:0, instance:com.IdentifyCourse.testcases.SearchCourseTestCase@74bada02]" name="selectLevels" class="com.IdentifyCourse.testcases.SearchCourseTestCase"/>
        <method signature="LanguageLearningTestCase.openWebSite()[pri:0, instance:com.IdentifyCourse.testcases.LanguageLearningTestCase@5674e1f2]" name="openWebSite" class="com.IdentifyCourse.testcases.LanguageLearningTestCase"/>
        <method signature="FormFillingTestCase.openWebSite()[pri:0, instance:com.IdentifyCourse.testcases.FormFillingTestCase@2df6226d]" name="openWebSite" class="com.IdentifyCourse.testcases.FormFillingTestCase"/>
      </group> <!-- Regression -->
      <group name="Smoke">
        <method signature="LanguageLearningTestCase.secondCourse(java.lang.String)[pri:0, instance:com.IdentifyCourse.testcases.LanguageLearningTestCase@5674e1f2]" name="secondCourse" class="com.IdentifyCourse.testcases.LanguageLearningTestCase"/>
        <method signature="LanguageLearningTestCase.selectLanguage2()[pri:0, instance:com.IdentifyCourse.testcases.LanguageLearningTestCase@5674e1f2]" name="selectLanguage2" class="com.IdentifyCourse.testcases.LanguageLearningTestCase"/>
        <method signature="LanguageLearningTestCase.selectLevel2()[pri:0, instance:com.IdentifyCourse.testcases.LanguageLearningTestCase@5674e1f2]" name="selectLevel2" class="com.IdentifyCourse.testcases.LanguageLearningTestCase"/>
        <method signature="FormFillingTestCase.enterprise()[pri:0, instance:com.IdentifyCourse.testcases.FormFillingTestCase@2df6226d]" name="enterprise" class="com.IdentifyCourse.testcases.FormFillingTestCase"/>
        <method signature="FormFillingTestCase.forCampus()[pri:0, instance:com.IdentifyCourse.testcases.FormFillingTestCase@2df6226d]" name="forCampus" class="com.IdentifyCourse.testcases.FormFillingTestCase"/>
        <method signature="FormFillingTestCase.formfilling()[pri:0, instance:com.IdentifyCourse.testcases.FormFillingTestCase@2df6226d]" name="formfilling" class="com.IdentifyCourse.testcases.FormFillingTestCase"/>
        <method signature="FormFillingTestCase.products()[pri:0, instance:com.IdentifyCourse.testcases.FormFillingTestCase@2df6226d]" name="products" class="com.IdentifyCourse.testcases.FormFillingTestCase"/>
      </group> <!-- Smoke -->
    </groups>
    <test started-at="2021-07-21T11:07:53Z" name="Test1" finished-at="2021-07-21T11:08:56Z" duration-ms="63132">
      <class name="com.IdentifyCourse.testcases.SearchCourseTestCase">
        <test-method is-config="true" signature="beforeClass()[pri:0, instance:com.IdentifyCourse.testcases.SearchCourseTestCase@74bada02]" started-at="2021-07-21T16:37:53Z" name="beforeClass" finished-at="2021-07-21T16:37:55Z" duration-ms="2482" status="PASS">
          <reporter-output>
          </reporter-output>
        </test-method> <!-- beforeClass -->
        <test-method signature="openWebSite()[pri:0, instance:com.IdentifyCourse.testcases.SearchCourseTestCase@74bada02]" started-at="2021-07-21T16:37:55Z" name="openWebSite" finished-at="2021-07-21T16:38:18Z" duration-ms="22954" status="PASS">
          <reporter-output>
          </reporter-output>
        </test-method> <!-- openWebSite -->
        <test-method signature="execution()[pri:0, instance:com.IdentifyCourse.testcases.SearchCourseTestCase@74bada02]" started-at="2021-07-21T16:38:18Z" name="execution" finished-at="2021-07-21T16:38:22Z" duration-ms="3512" status="PASS">
          <reporter-output>
          </reporter-output>
        </test-method> <!-- execution -->
        <test-method signature="selectLevels()[pri:0, instance:com.IdentifyCourse.testcases.SearchCourseTestCase@74bada02]" started-at="2021-07-21T16:38:22Z" name="selectLevels" finished-at="2021-07-21T16:38:26Z" duration-ms="3916" status="PASS">
          <reporter-output>
          </reporter-output>
        </test-method> <!-- selectLevels -->
        <test-method signature="courseDetails()[pri:0, instance:com.IdentifyCourse.testcases.SearchCourseTestCase@74bada02]" started-at="2021-07-21T16:38:26Z" name="courseDetails" finished-at="2021-07-21T16:38:54Z" duration-ms="28602" status="PASS">
          <reporter-output>
          </reporter-output>
        </test-method> <!-- courseDetails -->
        <test-method signature="screenshot()[pri:0, instance:com.IdentifyCourse.testcases.SearchCourseTestCase@74bada02]" started-at="2021-07-21T16:38:54Z" name="screenshot" finished-at="2021-07-21T16:38:55Z" duration-ms="298" status="PASS">
          <reporter-output>
          </reporter-output>
        </test-method> <!-- screenshot -->
        <test-method is-config="true" signature="afterClass()[pri:0, instance:com.IdentifyCourse.testcases.SearchCourseTestCase@74bada02]" started-at="2021-07-21T16:38:55Z" name="afterClass" finished-at="2021-07-21T16:38:56Z" duration-ms="1312" status="PASS">
          <reporter-output>
          </reporter-output>
        </test-method> <!-- afterClass -->
      </class> <!-- com.IdentifyCourse.testcases.SearchCourseTestCase -->
    </test> <!-- Test1 -->
    <test started-at="2021-07-21T11:08:56Z" name="Test2" finished-at="2021-07-21T11:09:24Z" duration-ms="28016">
      <class name="com.IdentifyCourse.testcases.LanguageLearningTestCase">
        <test-method is-config="true" signature="beforeClass()[pri:0, instance:com.IdentifyCourse.testcases.LanguageLearningTestCase@5674e1f2]" started-at="2021-07-21T16:38:56Z" name="beforeClass" finished-at="2021-07-21T16:38:58Z" duration-ms="1891" status="PASS">
          <reporter-output>
          </reporter-output>
        </test-method> <!-- beforeClass -->
        <test-method signature="openWebSite()[pri:0, instance:com.IdentifyCourse.testcases.LanguageLearningTestCase@5674e1f2]" started-at="2021-07-21T16:38:58Z" name="openWebSite" finished-at="2021-07-21T16:39:10Z" duration-ms="12387" status="PASS">
          <reporter-output>
          </reporter-output>
        </test-method> <!-- openWebSite -->
        <test-method signature="secondCourse(java.lang.String)[pri:0, instance:com.IdentifyCourse.testcases.LanguageLearningTestCase@5674e1f2]" started-at="2021-07-21T16:39:10Z" name="secondCourse" data-provider="test-data" finished-at="2021-07-21T16:39:17Z" duration-ms="6683" status="PASS">
          <params>
            <param index="0">
              <value>
                <![CDATA[Language learning]]>
              </value>
            </param>
          </params>
          <reporter-output>
          </reporter-output>
        </test-method> <!-- secondCourse -->
        <test-method signature="selectLanguage2()[pri:0, instance:com.IdentifyCourse.testcases.LanguageLearningTestCase@5674e1f2]" started-at="2021-07-21T16:39:17Z" name="selectLanguage2" finished-at="2021-07-21T16:39:22Z" duration-ms="5456" status="PASS">
          <reporter-output>
            <line>
              <![CDATA[English
(1520)
Spanish
(795)
Russian
(782)
French
(726)
Portuguese (Portugal)
(668)
Arabic
(591)
German
(584)
Vietnamese
(583)
Italian
(556)
Chinese (China)
(163)
Korean
(151)
Portuguese (Brazil)
(74)
Japanese
(67)
Turkish
(67)
Persian
(47)
Chinese (Traditional)
(43)
Greek
(24)
Ukrainian
(20)
Thai
(17)
Portuguese
(16)
Hindi
(14)
Dutch
(13)
Afrikaans
(12)
Urdu
(12)
Hungarian
(10)
Catalan
(9)
Javanese
(8)
Hebrew
(7)
Indonesian
(7)
Polish
(7)
Mongolian
(6)
Romanian
(6)
Slovak
(6)
Tamil
(5)
Czech
(4)
Serbian
(4)
Albanian
(3)
Bengali
(3)
Georgian
(3)
Telugu
(3)
Burmese
(2)
Croatian
(2)
Estonian
(2)
Lithuanian
(2)
Uzbek
(2)
Bulgarian
(1)
Kazakh
(1)
Marathi
(1)
Nepali
(1)
Russian (Russia)
(1)
Swedish
(1)]]>
            </line>
          </reporter-output>
        </test-method> <!-- selectLanguage2 -->
        <test-method signature="selectLevel2()[pri:0, instance:com.IdentifyCourse.testcases.LanguageLearningTestCase@5674e1f2]" started-at="2021-07-21T16:39:22Z" name="selectLevel2" finished-at="2021-07-21T16:39:23Z" duration-ms="236" status="PASS">
          <reporter-output>
            <line>
              <![CDATA[Intermediate
(739)]]>
            </line>
            <line>
              <![CDATA[Beginner
(706)]]>
            </line>
            <line>
              <![CDATA[Mixed
(200)]]>
            </line>
            <line>
              <![CDATA[Advanced
(74)]]>
            </line>
          </reporter-output>
        </test-method> <!-- selectLevel2 -->
        <test-method signature="screenshot()[pri:0, instance:com.IdentifyCourse.testcases.LanguageLearningTestCase@5674e1f2]" started-at="2021-07-21T16:39:23Z" name="screenshot" finished-at="2021-07-21T16:39:23Z" duration-ms="286" status="PASS">
          <reporter-output>
          </reporter-output>
        </test-method> <!-- screenshot -->
        <test-method is-config="true" signature="afterClass()[pri:0, instance:com.IdentifyCourse.testcases.LanguageLearningTestCase@5674e1f2]" started-at="2021-07-21T16:39:23Z" name="afterClass" finished-at="2021-07-21T16:39:24Z" duration-ms="1054" status="PASS">
          <reporter-output>
          </reporter-output>
        </test-method> <!-- afterClass -->
      </class> <!-- com.IdentifyCourse.testcases.LanguageLearningTestCase -->
    </test> <!-- Test2 -->
    <test started-at="2021-07-21T11:09:24Z" name="Test3" finished-at="2021-07-21T11:10:17Z" duration-ms="52679">
      <class name="com.IdentifyCourse.testcases.FormFillingTestCase">
        <test-method is-config="true" signature="beforeClass()[pri:0, instance:com.IdentifyCourse.testcases.FormFillingTestCase@2df6226d]" started-at="2021-07-21T16:39:24Z" name="beforeClass" finished-at="2021-07-21T16:39:26Z" duration-ms="1997" status="PASS">
          <reporter-output>
          </reporter-output>
        </test-method> <!-- beforeClass -->
        <test-method signature="openWebSite()[pri:0, instance:com.IdentifyCourse.testcases.FormFillingTestCase@2df6226d]" started-at="2021-07-21T16:39:26Z" name="openWebSite" finished-at="2021-07-21T16:39:48Z" duration-ms="22136" status="PASS">
          <reporter-output>
          </reporter-output>
        </test-method> <!-- openWebSite -->
        <test-method signature="enterprise()[pri:0, instance:com.IdentifyCourse.testcases.FormFillingTestCase@2df6226d]" started-at="2021-07-21T16:39:48Z" name="enterprise" finished-at="2021-07-21T16:40:01Z" duration-ms="13037" status="PASS">
          <reporter-output>
          </reporter-output>
        </test-method> <!-- enterprise -->
        <test-method signature="products()[pri:0, instance:com.IdentifyCourse.testcases.FormFillingTestCase@2df6226d]" started-at="2021-07-21T16:40:01Z" name="products" finished-at="2021-07-21T16:40:02Z" duration-ms="326" status="PASS">
          <reporter-output>
          </reporter-output>
        </test-method> <!-- products -->
        <test-method signature="forCampus()[pri:0, instance:com.IdentifyCourse.testcases.FormFillingTestCase@2df6226d]" started-at="2021-07-21T16:40:02Z" name="forCampus" finished-at="2021-07-21T16:40:12Z" duration-ms="10271" status="PASS">
          <reporter-output>
          </reporter-output>
        </test-method> <!-- forCampus -->
        <test-method signature="formfilling()[pri:0, instance:com.IdentifyCourse.testcases.FormFillingTestCase@2df6226d]" started-at="2021-07-21T16:40:12Z" name="formfilling" finished-at="2021-07-21T16:40:15Z" duration-ms="3363" status="PASS">
          <reporter-output>
          </reporter-output>
        </test-method> <!-- formfilling -->
        <test-method signature="screenshot()[pri:0, instance:com.IdentifyCourse.testcases.FormFillingTestCase@2df6226d]" started-at="2021-07-21T16:40:15Z" name="screenshot" finished-at="2021-07-21T16:40:16Z" duration-ms="335" status="PASS">
          <reporter-output>
          </reporter-output>
        </test-method> <!-- screenshot -->
        <test-method is-config="true" signature="afterClass()[pri:0, instance:com.IdentifyCourse.testcases.FormFillingTestCase@2df6226d]" started-at="2021-07-21T16:40:16Z" name="afterClass" finished-at="2021-07-21T16:40:17Z" duration-ms="1204" status="PASS">
          <reporter-output>
          </reporter-output>
        </test-method> <!-- afterClass -->
      </class> <!-- com.IdentifyCourse.testcases.FormFillingTestCase -->
    </test> <!-- Test3 -->
  </suite> <!-- Suite -->
</testng-results>
